# JRE version: Java(TM) SE Runtime Environment (8.0_131-b11) (build 1.8.0_131-b11)
# Java VM: Java HotSpot(TM) 64-Bit Server VM (25.131-b11 mixed mode windows-amd64 compressed oops)
Heap:
 PSYoungGen      total 623104K, used 352795K [0x000000078b980000, 0x00000007c0000000, 0x00000007c0000000)
  eden space 388096K, 44% used [0x000000078b980000,0x0000000796046e50,0x00000007a3480000)
  from space 235008K, 77% used [0x00000007a3480000,0x00000007ae640000,0x00000007b1a00000)
  to   space 235008K, 0% used [0x00000007b1a80000,0x00000007b1a80000,0x00000007c0000000)
 ParOldGen       total 1717760K, used 1355802K [0x0000000722c00000, 0x000000078b980000, 0x000000078b980000)
  object space 1717760K, 78% used [0x0000000722c00000,0x00000007758068b0,0x000000078b980000)
 Metaspace       used 4387K, capacity 4792K, committed 4992K, reserved 1056768K
  class space    used 491K, capacity 535K, committed 640K, reserved 1048576K
GC Heap History (10 events):
Event: 79.385 GC heap before
{Heap before GC invocations=152 (full 27):
 PSYoungGen      total 617984K, used 494144K [0x000000078b980000, 0x00000007c0000000, 0x00000007c0000000)
  eden space 382464K, 100% used [0x000000078b980000,0x00000007a2f00000,0x00000007a2f00000)
  from space 235520K, 47% used [0x00000007b1900000,0x00000007b8610000,0x00000007bff00000)
  to   space 238080K, 0% used [0x00000007a2f00000,0x00000007a2f00000,0x00000007b1780000)
 ParOldGen       total 1717760K, used 582590K [0x0000000722c00000, 0x000000078b980000, 0x000000078b980000)
  object space 1717760K, 33% used [0x0000000722c00000,0x00000007464ef8a0,0x000000078b980000)
 Metaspace       used 4387K, capacity 4792K, committed 4992K, reserved 1056768K
  class space    used 491K, capacity 535K, committed 640K, reserved 1048576K
Event: 79.476 GC heap after
Heap after GC invocations=152 (full 27):
 PSYoungGen      total 556544K, used 173664K [0x000000078b980000, 0x00000007bfc80000, 0x00000007c0000000)
  eden space 382464K, 0% used [0x000000078b980000,0x000000078b980000,0x00000007a2f00000)
  from space 174080K, 99% used [0x00000007a2f00000,0x00000007ad898000,0x00000007ad900000)
  to   space 235008K, 0% used [0x00000007b1700000,0x00000007b1700000,0x00000007bfc80000)
 ParOldGen       total 1717760K, used 694238K [0x0000000722c00000, 0x000000078b980000, 0x000000078b980000)
  object space 1717760K, 40% used [0x0000000722c00000,0x000000074d1f78a0,0x000000078b980000)
 Metaspace       used 4387K, capacity 4792K, committed 4992K, reserved 1056768K
  class space    used 491K, capacity 535K, committed 640K, reserved 1048576K
}
Event: 79.774 GC heap before
{Heap before GC invocations=153 (full 27):
 PSYoungGen      total 556544K, used 556128K [0x000000078b980000, 0x00000007bfc80000, 0x00000007c0000000)
  eden space 382464K, 100% used [0x000000078b980000,0x00000007a2f00000,0x00000007a2f00000)
  from space 174080K, 99% used [0x00000007a2f00000,0x00000007ad898000,0x00000007ad900000)
  to   space 235008K, 0% used [0x00000007b1700000,0x00000007b1700000,0x00000007bfc80000)
 ParOldGen       total 1717760K, used 694238K [0x0000000722c00000, 0x000000078b980000, 0x000000078b980000)
  object space 1717760K, 40% used [0x0000000722c00000,0x000000074d1f78a0,0x000000078b980000)
 Metaspace       used 4387K, capacity 4792K, committed 4992K, reserved 1056768K
  class space    used 491K, capacity 535K, committed 640K, reserved 1048576K
Event: 79.882 GC heap after
Heap after GC invocations=153 (full 27):
 PSYoungGen      total 620544K, used 181152K [0x000000078b980000, 0x00000007c0000000, 0x00000007c0000000)
  eden space 385536K, 0% used [0x000000078b980000,0x000000078b980000,0x00000007a3200000)
  from space 235008K, 77% used [0x00000007b1700000,0x00000007bc7e8000,0x00000007bfc80000)
  to   space 234496K, 0% used [0x00000007a3200000,0x00000007a3200000,0x00000007b1700000)
 ParOldGen       total 1717760K, used 867950K [0x0000000722c00000, 0x000000078b980000, 0x000000078b980000)
  object space 1717760K, 50% used [0x0000000722c00000,0x0000000757b9b8a0,0x000000078b980000)
 Metaspace       used 4387K, capacity 4792K, committed 4992K, reserved 1056768K
  class space    used 491K, capacity 535K, committed 640K, reserved 1048576K
}
Event: 80.183 GC heap before
{Heap before GC invocations=154 (full 27):
 PSYoungGen      total 620544K, used 566688K [0x000000078b980000, 0x00000007c0000000, 0x00000007c0000000)
  eden space 385536K, 100% used [0x000000078b980000,0x00000007a3200000,0x00000007a3200000)
  from space 235008K, 77% used [0x00000007b1700000,0x00000007bc7e8000,0x00000007bfc80000)
  to   space 234496K, 0% used [0x00000007a3200000,0x00000007a3200000,0x00000007b1700000)
 ParOldGen       total 1717760K, used 867950K [0x0000000722c00000, 0x000000078b980000, 0x000000078b980000)
  object space 1717760K, 50% used [0x0000000722c00000,0x0000000757b9b8a0,0x000000078b980000)
 Metaspace       used 4387K, capacity 4792K, committed 4992K, reserved 1056768K
  class space    used 491K, capacity 535K, committed 640K, reserved 1048576K
Event: 80.291 GC heap after
Heap after GC invocations=154 (full 27):
 PSYoungGen      total 620032K, used 183168K [0x000000078b980000, 0x00000007bfe80000, 0x00000007c0000000)
  eden space 385536K, 0% used [0x000000078b980000,0x000000078b980000,0x00000007a3200000)
  from space 234496K, 78% used [0x00000007a3200000,0x00000007ae4e0000,0x00000007b1700000)
  to   space 233984K, 0% used [0x00000007b1a00000,0x00000007b1a00000,0x00000007bfe80000)
 ParOldGen       total 1717760K, used 1049150K [0x0000000722c00000, 0x000000078b980000, 0x000000078b980000)
  object space 1717760K, 61% used [0x0000000722c00000,0x0000000762c8f8a0,0x000000078b980000)
 Metaspace       used 4387K, capacity 4792K, committed 4992K, reserved 1056768K
  class space    used 491K, capacity 535K, committed 640K, reserved 1048576K
}
Event: 80.681 GC heap before
{Heap before GC invocations=155 (full 27):
 PSYoungGen      total 620032K, used 568704K [0x000000078b980000, 0x00000007bfe80000, 0x00000007c0000000)
  eden space 385536K, 100% used [0x000000078b980000,0x00000007a3200000,0x00000007a3200000)
  from space 234496K, 78% used [0x00000007a3200000,0x00000007ae4e0000,0x00000007b1700000)
  to   space 233984K, 0% used [0x00000007b1a00000,0x00000007b1a00000,0x00000007bfe80000)
 ParOldGen       total 1717760K, used 1049150K [0x0000000722c00000, 0x000000078b980000, 0x000000078b980000)
  object space 1717760K, 61% used [0x0000000722c00000,0x0000000762c8f8a0,0x000000078b980000)
 Metaspace       used 4387K, capacity 4792K, committed 4992K, reserved 1056768K
  class space    used 491K, capacity 535K, committed 640K, reserved 1048576K
Event: 80.771 GC heap after
Heap after GC invocations=155 (full 27):
 PSYoungGen      total 622080K, used 123392K [0x000000078b980000, 0x00000007c0000000, 0x00000007c0000000)
  eden space 388096K, 0% used [0x000000078b980000,0x000000078b980000,0x00000007a3480000)
  from space 233984K, 52% used [0x00000007b1a00000,0x00000007b9280000,0x00000007bfe80000)
  to   space 235008K, 0% used [0x00000007a3480000,0x00000007a3480000,0x00000007b1a00000)
 ParOldGen       total 1717760K, used 1232398K [0x0000000722c00000, 0x000000078b980000, 0x000000078b980000)
  object space 1717760K, 71% used [0x0000000722c00000,0x000000076df838a0,0x000000078b980000)
 Metaspace       used 4387K, capacity 4792K, committed 4992K, reserved 1056768K
  class space    used 491K, capacity 535K, committed 640K, reserved 1048576K
}
Event: 81.075 GC heap before
{Heap before GC invocations=156 (full 27):
 PSYoungGen      total 622080K, used 511488K [0x000000078b980000, 0x00000007c0000000, 0x00000007c0000000)
  eden space 388096K, 100% used [0x000000078b980000,0x00000007a3480000,0x00000007a3480000)
  from space 233984K, 52% used [0x00000007b1a00000,0x00000007b9280000,0x00000007bfe80000)
  to   space 235008K, 0% used [0x00000007a3480000,0x00000007a3480000,0x00000007b1a00000)
 ParOldGen       total 1717760K, used 1232398K [0x0000000722c00000, 0x000000078b980000, 0x000000078b980000)
  object space 1717760K, 71% used [0x0000000722c00000,0x000000076df838a0,0x000000078b980000)
 Metaspace       used 4387K, capacity 4792K, committed 4992K, reserved 1056768K
  class space    used 491K, capacity 535K, committed 640K, reserved 1048576K
Event: 81.178 GC heap after
Heap after GC invocations=156 (full 27):
 PSYoungGen      total 623104K, used 182016K [0x000000078b980000, 0x00000007c0000000, 0x00000007c0000000)
  eden space 388096K, 0% used [0x000000078b980000,0x000000078b980000,0x00000007a3480000)
  from space 235008K, 77% used [0x00000007a3480000,0x00000007ae640000,0x00000007b1a00000)
  to   space 235008K, 0% used [0x00000007b1a80000,0x00000007b1a80000,0x00000007c0000000)
 ParOldGen       total 1717760K, used 1355802K [0x0000000722c00000, 0x000000078b980000, 0x000000078b980000)
  object space 1717760K, 78% used [0x0000000722c00000,0x00000007758068b0,0x000000078b980000)
 Metaspace       used 4387K, capacity 4792K, committed 4992K, reserved 1056768K
  class space    used 491K, capacity 535K, committed 640K, reserved 1048576K
}

